[2020-12-15T19:48:48.808] [DEBUG] cheese - login => username:aaa,password:123456
[2020-12-15T19:48:48.810] [DEBUG] cheese - aaa
[2020-12-15T19:48:49.048] [DEBUG] cheese - null
[2020-12-15T19:48:49.067] [DEBUG] cheese - null
[2020-12-15T19:49:06.869] [DEBUG] cheese - login => username:admin,password:123456
[2020-12-15T19:49:06.870] [DEBUG] cheese - admin
[2020-12-15T19:49:06.963] [DEBUG] cheese - null
[2020-12-15T19:49:06.963] [DEBUG] cheese - null
[2020-12-16T14:01:06.869] [DEBUG] cheese - login => username:admin,password:888888
[2020-12-16T14:01:06.876] [DEBUG] cheese - admin
[2020-12-16T14:01:07.058] [DEBUG] cheese - null
[2020-12-16T14:01:07.058] [DEBUG] cheese - null
[2020-12-16T14:01:09.461] [DEBUG] cheese - login => username:admin,password:888888
[2020-12-16T14:01:09.461] [DEBUG] cheese - admin
[2020-12-16T14:01:09.464] [DEBUG] cheese - null
[2020-12-16T14:01:09.464] [DEBUG] cheese - null
[2020-12-16T14:01:54.819] [DEBUG] cheese - login => username:admin,password:888888
[2020-12-16T14:01:54.820] [DEBUG] cheese - admin
[2020-12-16T14:01:54.830] [DEBUG] cheese - null
[2020-12-16T14:01:54.830] [DEBUG] cheese - null
[2020-12-16T14:02:49.522] [DEBUG] cheese - login => username:admin,password:888888
[2020-12-16T14:02:49.523] [DEBUG] cheese - admin
[2020-12-16T14:02:49.525] [DEBUG] cheese - null
[2020-12-16T14:02:49.525] [DEBUG] cheese - null
[2020-12-16T14:03:24.209] [DEBUG] cheese - login => username:admin,password:123456
[2020-12-16T14:03:24.209] [DEBUG] cheese - admin
[2020-12-16T14:03:24.211] [DEBUG] cheese - null
[2020-12-16T14:03:24.211] [DEBUG] cheese - null
[2020-12-16T14:04:47.672] [DEBUG] cheese - login => username:admin,password:888888
[2020-12-16T14:04:47.672] [DEBUG] cheese - admin
[2020-12-16T14:04:47.674] [DEBUG] cheese - null
[2020-12-16T14:04:47.674] [DEBUG] cheese - null
[2020-12-16T14:07:01.983] [DEBUG] cheese - login => username:admin,password:888888
[2020-12-16T14:07:01.983] [DEBUG] cheese - admin
[2020-12-16T14:07:01.985] [DEBUG] cheese - null
[2020-12-16T14:07:01.985] [DEBUG] cheese - null
[2020-12-16T14:07:12.068] [DEBUG] cheese - login => username:admin,password:123456
[2020-12-16T14:07:12.068] [DEBUG] cheese - admin
[2020-12-16T14:07:12.070] [DEBUG] cheese - null
[2020-12-16T14:07:12.071] [DEBUG] cheese - null
[2020-12-16T14:10:59.044] [DEBUG] cheese - login => username:admin,password:123456
[2020-12-16T14:10:59.044] [DEBUG] cheese - admin
[2020-12-16T14:10:59.046] [DEBUG] cheese - null
[2020-12-16T14:10:59.046] [DEBUG] cheese - null
[2020-12-16T14:10:59.929] [DEBUG] cheese - login => username:admin,password:123456
[2020-12-16T14:10:59.929] [DEBUG] cheese - admin
[2020-12-16T14:10:59.931] [DEBUG] cheese - null
[2020-12-16T14:10:59.931] [DEBUG] cheese - null
[2020-12-16T14:37:31.775] [DEBUG] cheese - login => username:admin,password:888888
[2020-12-16T14:37:31.776] [DEBUG] cheese - admin
[2020-12-16T14:37:31.865] [DEBUG] cheese - null
[2020-12-16T14:37:31.865] [DEBUG] cheese - null
[2020-12-16T14:37:33.453] [DEBUG] cheese - login => username:admin,password:888888
[2020-12-16T14:37:33.453] [DEBUG] cheese - admin
[2020-12-16T14:37:33.455] [DEBUG] cheese - null
[2020-12-16T14:37:33.455] [DEBUG] cheese - null
[2020-12-16T14:39:44.590] [DEBUG] cheese - login => username:admin,password:123456
[2020-12-16T14:39:44.591] [DEBUG] cheese - admin
[2020-12-16T14:39:44.592] [DEBUG] cheese - null
[2020-12-16T14:39:44.592] [DEBUG] cheese - null
[2020-12-16T14:39:48.408] [DEBUG] cheese - login => username:admin,password:1234567
[2020-12-16T14:39:48.408] [DEBUG] cheese - admin
[2020-12-16T14:39:48.410] [DEBUG] cheese - null
[2020-12-16T14:39:48.411] [DEBUG] cheese - null
[2020-12-16T14:40:32.265] [DEBUG] cheese - login => username:admin,password:123456
[2020-12-16T14:40:32.266] [DEBUG] cheese - admin
[2020-12-16T14:40:32.267] [DEBUG] cheese - null
[2020-12-16T14:40:32.267] [DEBUG] cheese - null
[2020-12-16T17:40:06.734] [DEBUG] cheese - login => username:admin,password:123456
[2020-12-16T17:40:06.737] [DEBUG] cheese - admin
[2020-12-16T17:40:06.824] [DEBUG] cheese - null
[2020-12-16T17:40:06.825] [DEBUG] cheese - null
[2020-12-16T17:40:46.270] [DEBUG] cheese - login => username:admin,password:123456
[2020-12-16T17:40:46.271] [DEBUG] cheese - admin
[2020-12-16T17:40:46.273] [DEBUG] cheese - null
[2020-12-16T17:40:46.273] [DEBUG] cheese - null
[2020-12-16T17:43:56.908] [DEBUG] cheese - login => username:admin,password:123456
[2020-12-16T17:43:56.908] [DEBUG] cheese - admin
[2020-12-16T17:43:56.914] [DEBUG] cheese - null
[2020-12-16T17:43:56.915] [DEBUG] cheese - null
[2020-12-16T17:46:12.404] [DEBUG] cheese - login => username:admin,password:123456
[2020-12-16T17:46:12.404] [DEBUG] cheese - admin
[2020-12-16T17:46:12.411] [DEBUG] cheese - null
[2020-12-16T17:46:12.411] [DEBUG] cheese - null
[2020-12-16T17:46:24.261] [DEBUG] cheese - login => username:admin,password:123456
[2020-12-16T17:46:24.261] [DEBUG] cheese - admin
[2020-12-16T17:46:24.263] [DEBUG] cheese - null
[2020-12-16T17:46:24.263] [DEBUG] cheese - null
[2020-12-16T17:48:10.198] [DEBUG] cheese - login => username:admin,password:123456
[2020-12-16T17:48:10.198] [DEBUG] cheese - admin
[2020-12-16T17:48:10.200] [DEBUG] cheese - null
[2020-12-16T17:48:10.200] [DEBUG] cheese - null
[2020-12-16T17:48:55.825] [DEBUG] cheese - login => username:admin,password:123456
[2020-12-16T17:48:55.825] [DEBUG] cheese - admin
[2020-12-16T17:48:55.826] [DEBUG] cheese - null
[2020-12-16T17:48:55.827] [DEBUG] cheese - null
[2020-12-16T17:48:57.525] [DEBUG] cheese - login => username:admin,password:123456
[2020-12-16T17:48:57.526] [DEBUG] cheese - admin
[2020-12-16T17:48:57.527] [DEBUG] cheese - null
[2020-12-16T17:48:57.527] [DEBUG] cheese - null
[2020-12-16T17:49:05.350] [DEBUG] cheese - login => username:admin,password:123456
[2020-12-16T17:49:05.350] [DEBUG] cheese - admin
[2020-12-16T17:49:05.352] [DEBUG] cheese - null
[2020-12-16T17:49:05.352] [DEBUG] cheese - null
[2020-12-16T17:50:43.742] [DEBUG] cheese - login => username:admin,password:123456
[2020-12-16T17:50:43.742] [DEBUG] cheese - admin
[2020-12-16T17:50:43.744] [DEBUG] cheese - null
[2020-12-16T17:50:43.744] [DEBUG] cheese - null
[2020-12-16T17:51:49.362] [DEBUG] cheese - login => username:admin,password:123456
[2020-12-16T17:51:49.362] [DEBUG] cheese - admin
[2020-12-16T17:51:49.365] [DEBUG] cheese - null
[2020-12-16T17:51:49.365] [DEBUG] cheese - null
[2020-12-16T17:52:59.872] [DEBUG] cheese - login => username:admin,password:123456
[2020-12-16T17:52:59.872] [DEBUG] cheese - admin
[2020-12-16T17:52:59.874] [DEBUG] cheese - null
[2020-12-16T17:52:59.874] [DEBUG] cheese - null
[2020-12-16T17:53:33.475] [DEBUG] cheese - login => username:admin,password:123456
[2020-12-16T17:53:33.475] [DEBUG] cheese - admin
[2020-12-16T17:53:33.477] [DEBUG] cheese - null
[2020-12-16T17:53:33.477] [DEBUG] cheese - null
[2020-12-16T18:03:06.333] [DEBUG] cheese - login => username:admin,password:123452
[2020-12-16T18:03:06.333] [DEBUG] cheese - admin
[2020-12-16T18:03:06.335] [DEBUG] cheese - null
[2020-12-16T18:03:06.336] [DEBUG] cheese - null
[2020-12-16T18:03:07.319] [DEBUG] cheese - login => username:admin,password:123452
[2020-12-16T18:03:07.319] [DEBUG] cheese - admin
[2020-12-16T18:03:07.321] [DEBUG] cheese - null
[2020-12-16T18:03:07.321] [DEBUG] cheese - null
[2020-12-16T18:03:07.750] [DEBUG] cheese - login => username:admin,password:123452
[2020-12-16T18:03:07.750] [DEBUG] cheese - admin
[2020-12-16T18:03:07.753] [DEBUG] cheese - null
[2020-12-16T18:03:07.753] [DEBUG] cheese - null
[2020-12-16T18:03:07.962] [DEBUG] cheese - login => username:admin,password:123452
[2020-12-16T18:03:07.963] [DEBUG] cheese - admin
[2020-12-16T18:03:07.965] [DEBUG] cheese - null
[2020-12-16T18:03:07.965] [DEBUG] cheese - null
[2020-12-16T18:03:08.215] [DEBUG] cheese - login => username:admin,password:123452
[2020-12-16T18:03:08.215] [DEBUG] cheese - admin
[2020-12-16T18:03:08.219] [DEBUG] cheese - null
[2020-12-16T18:03:08.220] [DEBUG] cheese - null
[2020-12-16T18:03:13.490] [DEBUG] cheese - login => username:admin,password:1234526
[2020-12-16T18:03:13.490] [DEBUG] cheese - admin
[2020-12-16T18:03:13.492] [DEBUG] cheese - null
[2020-12-16T18:03:13.493] [DEBUG] cheese - null
[2020-12-16T18:03:18.776] [DEBUG] cheese - login => username:admin,password:123456
[2020-12-16T18:03:18.776] [DEBUG] cheese - admin
[2020-12-16T18:03:18.778] [DEBUG] cheese - null
[2020-12-16T18:03:18.778] [DEBUG] cheese - null
[2020-12-16T18:03:24.870] [DEBUG] cheese - login => username:admin,password:123456
[2020-12-16T18:03:24.870] [DEBUG] cheese - admin
[2020-12-16T18:03:24.871] [DEBUG] cheese - null
[2020-12-16T18:03:24.872] [DEBUG] cheese - null
[2020-12-16T18:06:18.059] [DEBUG] cheese - login => username:admin,password:123456
[2020-12-16T18:06:18.059] [DEBUG] cheese - admin
[2020-12-16T18:06:18.066] [DEBUG] cheese - null
[2020-12-16T18:06:18.066] [DEBUG] cheese - null
[2020-12-16T18:08:04.629] [DEBUG] cheese - login => username:admin,password:123454
[2020-12-16T18:08:04.629] [DEBUG] cheese - admin
[2020-12-16T18:08:04.635] [DEBUG] cheese - null
[2020-12-16T18:08:04.635] [DEBUG] cheese - null
[2020-12-16T18:08:08.195] [DEBUG] cheese - login => username:admin,password:123456
[2020-12-16T18:08:08.195] [DEBUG] cheese - admin
[2020-12-16T18:08:08.196] [DEBUG] cheese - null
[2020-12-16T18:08:08.196] [DEBUG] cheese - null
[2020-12-16T18:08:11.709] [DEBUG] cheese - login => username:admin,password:123456
[2020-12-16T18:08:11.709] [DEBUG] cheese - admin
[2020-12-16T18:08:11.711] [DEBUG] cheese - null
[2020-12-16T18:08:11.711] [DEBUG] cheese - null
[2020-12-16T18:09:23.836] [DEBUG] cheese - login => username:admin,password:123456
[2020-12-16T18:09:23.836] [DEBUG] cheese - admin
[2020-12-16T18:09:23.837] [DEBUG] cheese - null
[2020-12-16T18:09:23.838] [DEBUG] cheese - null
[2020-12-16T18:24:43.245] [DEBUG] cheese - login => username:admin,password:123456
[2020-12-16T18:24:43.245] [DEBUG] cheese - admin
[2020-12-16T18:24:43.247] [DEBUG] cheese - null
[2020-12-16T18:24:43.247] [DEBUG] cheese - null
[2020-12-16T18:27:45.510] [DEBUG] cheese - login => username:admin,password:123456
[2020-12-16T18:27:45.510] [DEBUG] cheese - admin
[2020-12-16T18:27:45.512] [DEBUG] cheese - null
[2020-12-16T18:27:45.512] [DEBUG] cheese - null
[2020-12-16T18:44:31.718] [DEBUG] cheese - login => username:admin,password:123456
[2020-12-16T18:44:31.718] [DEBUG] cheese - admin
[2020-12-16T18:44:31.722] [DEBUG] cheese - null
[2020-12-16T18:44:31.722] [DEBUG] cheese - null
[2020-12-16T18:45:07.038] [DEBUG] cheese - login => username:admin,password:123456
[2020-12-16T18:45:07.038] [DEBUG] cheese - admin
[2020-12-16T18:45:07.041] [DEBUG] cheese - null
[2020-12-16T18:45:07.041] [DEBUG] cheese - null
[2020-12-16T18:45:32.095] [DEBUG] cheese - login => username:admin,password:123456
[2020-12-16T18:45:32.096] [DEBUG] cheese - admin
[2020-12-16T18:45:32.098] [DEBUG] cheese - null
[2020-12-16T18:45:32.098] [DEBUG] cheese - null
[2020-12-17T13:05:21.993] [DEBUG] cheese - login => username:admin,password:123456
[2020-12-17T13:05:21.994] [DEBUG] cheese - admin
[2020-12-17T13:05:22.028] [DEBUG] cheese - { inspect: [Function: inspect] }
[2020-12-17T13:05:22.034] [DEBUG] cheese - 查询失败
[2020-12-17T13:05:28.241] [DEBUG] cheese - login => username:admin,password:123456
[2020-12-17T13:05:28.241] [DEBUG] cheese - admin
[2020-12-17T13:05:28.244] [DEBUG] cheese - { inspect: [Function: inspect] }
[2020-12-17T13:05:28.244] [DEBUG] cheese - 查询失败
[2020-12-17T13:05:34.055] [DEBUG] cheese - login => username:admin,password:123456
[2020-12-17T13:05:34.055] [DEBUG] cheese - admin
[2020-12-17T13:05:34.057] [DEBUG] cheese - { inspect: [Function: inspect] }
[2020-12-17T13:05:34.058] [DEBUG] cheese - 查询失败
[2020-12-17T13:06:10.718] [DEBUG] cheese - login => username:admin,password:123456
[2020-12-17T13:06:10.720] [DEBUG] cheese - admin
[2020-12-17T13:06:10.722] [DEBUG] cheese - { inspect: [Function: inspect] }
[2020-12-17T13:06:10.722] [DEBUG] cheese - 查询失败
[2020-12-17T13:06:49.459] [DEBUG] cheese - login => username:admin,password:123456
[2020-12-17T13:06:49.460] [DEBUG] cheese - admin
[2020-12-17T13:06:49.464] [DEBUG] cheese - { inspect: [Function: inspect] }
[2020-12-17T13:06:49.464] [DEBUG] cheese - 查询失败
[2020-12-18T12:59:42.759] [DEBUG] cheese - login => username:admin,password:123456
[2020-12-18T12:59:42.760] [DEBUG] cheese - admin
[2020-12-18T12:59:42.822] [DEBUG] cheese - null
[2020-12-18T12:59:42.823] [DEBUG] cheese - null
[2020-12-18T13:01:09.259] [DEBUG] cheese - login => username:admin,password:123456
[2020-12-18T13:01:09.259] [DEBUG] cheese - admin
[2020-12-18T13:01:09.262] [DEBUG] cheese - null
[2020-12-18T13:01:09.262] [DEBUG] cheese - null
